   1               		.file	"hal_wait.c"
   2               	__SREG__ = 0x3f
   3               	__SP_H__ = 0x3e
   4               	__SP_L__ = 0x3d
   5               	__tmp_reg__ = 0
   6               	__zero_reg__ = 1
   7               		.global __do_copy_data
   8               		.global __do_clear_bss
  11               		.text
  12               	.Ltext0:
 108               	.global	halWait
 110               	halWait:
 111               		.stabd	46,0,0
   1:../../../src/platform/firefly2_2/source/hal_wait.c **** /******************************************************************************
   2:../../../src/platform/firefly2_2/source/hal_wait.c **** *  Nano-RK, a real-time operating system for sensor networks.
   3:../../../src/platform/firefly2_2/source/hal_wait.c **** *  Copyright (C) 2007, Real-Time and Multimedia Lab, Carnegie Mellon University
   4:../../../src/platform/firefly2_2/source/hal_wait.c **** *  All rights reserved.
   5:../../../src/platform/firefly2_2/source/hal_wait.c **** *
   6:../../../src/platform/firefly2_2/source/hal_wait.c **** *  This is the Open Source Version of Nano-RK included as part of a Dual
   7:../../../src/platform/firefly2_2/source/hal_wait.c **** *  Licensing Model. If you are unsure which license to use please refer to:
   8:../../../src/platform/firefly2_2/source/hal_wait.c **** *  http://www.nanork.org/nano-RK/wiki/Licensing
   9:../../../src/platform/firefly2_2/source/hal_wait.c **** *
  10:../../../src/platform/firefly2_2/source/hal_wait.c **** *  This program is free software: you can redistribute it and/or modify
  11:../../../src/platform/firefly2_2/source/hal_wait.c **** *  it under the terms of the GNU General Public License as published by
  12:../../../src/platform/firefly2_2/source/hal_wait.c **** *  the Free Software Foundation, version 2.0 of the License.
  13:../../../src/platform/firefly2_2/source/hal_wait.c **** *
  14:../../../src/platform/firefly2_2/source/hal_wait.c **** *  This program is distributed in the hope that it will be useful,
  15:../../../src/platform/firefly2_2/source/hal_wait.c **** *  but WITHOUT ANY WARRANTY; without even the implied warranty of
  16:../../../src/platform/firefly2_2/source/hal_wait.c **** *  MERCHANTABILITY or FITNESS FOR A PARTICULAR PURPOSE.  See the
  17:../../../src/platform/firefly2_2/source/hal_wait.c **** *  GNU General Public License for more details.
  18:../../../src/platform/firefly2_2/source/hal_wait.c **** *
  19:../../../src/platform/firefly2_2/source/hal_wait.c **** *  You should have received a copy of the GNU General Public License
  20:../../../src/platform/firefly2_2/source/hal_wait.c **** *  along with this program.  If not, see <http://www.gnu.org/licenses/>.
  21:../../../src/platform/firefly2_2/source/hal_wait.c **** *
  22:../../../src/platform/firefly2_2/source/hal_wait.c **** *  Contributing Authors (specific to this file):
  23:../../../src/platform/firefly2_2/source/hal_wait.c **** *  Chipcon Development Team 
  24:../../../src/platform/firefly2_2/source/hal_wait.c **** *******************************************************************************/
  25:../../../src/platform/firefly2_2/source/hal_wait.c **** 
  26:../../../src/platform/firefly2_2/source/hal_wait.c **** 
  27:../../../src/platform/firefly2_2/source/hal_wait.c **** #include <include.h>
  28:../../../src/platform/firefly2_2/source/hal_wait.c **** 
  29:../../../src/platform/firefly2_2/source/hal_wait.c **** 
  30:../../../src/platform/firefly2_2/source/hal_wait.c **** //-------------------------------------------------------------------------------------------------
  31:../../../src/platform/firefly2_2/source/hal_wait.c **** //	void halWait(uint16_t timeout)
  32:../../../src/platform/firefly2_2/source/hal_wait.c **** //
  33:../../../src/platform/firefly2_2/source/hal_wait.c **** //	DESCRIPTION:
  34:../../../src/platform/firefly2_2/source/hal_wait.c **** //		Runs an idle loop for [timeout] microseconds.
  35:../../../src/platform/firefly2_2/source/hal_wait.c **** //
  36:../../../src/platform/firefly2_2/source/hal_wait.c **** //  ARGUMENTS:
  37:../../../src/platform/firefly2_2/source/hal_wait.c **** //      uint16_t timeout
  38:../../../src/platform/firefly2_2/source/hal_wait.c **** //          The timeout in microseconds
  39:../../../src/platform/firefly2_2/source/hal_wait.c **** //-------------------------------------------------------------------------------------------------
  40:../../../src/platform/firefly2_2/source/hal_wait.c **** void halWait(uint16_t timeout) {
 113               	.LM0:
 114               	.LFBB1:
 115               	/* prologue: function */
 116               	/* frame size = 0 */
 117               	.L2:
  41:../../../src/platform/firefly2_2/source/hal_wait.c **** 
  42:../../../src/platform/firefly2_2/source/hal_wait.c ****     // This sequence uses exactly 8 clock cycle for each round
  43:../../../src/platform/firefly2_2/source/hal_wait.c ****     do {
  44:../../../src/platform/firefly2_2/source/hal_wait.c ****         NOP();
 119               	.LM1:
 120               	/* #APP */
 121               	 ;  44 "../../../src/platform/firefly2_2/source/hal_wait.c" 1
 122 0000 0000      		nop
 123               		
 124               	 ;  0 "" 2
  45:../../../src/platform/firefly2_2/source/hal_wait.c ****         NOP();
 126               	.LM2:
 127               	 ;  45 "../../../src/platform/firefly2_2/source/hal_wait.c" 1
 128 0002 0000      		nop
 129               		
 130               	 ;  0 "" 2
  46:../../../src/platform/firefly2_2/source/hal_wait.c ****         NOP();
 132               	.LM3:
 133               	 ;  46 "../../../src/platform/firefly2_2/source/hal_wait.c" 1
 134 0004 0000      		nop
 135               		
 136               	 ;  0 "" 2
  47:../../../src/platform/firefly2_2/source/hal_wait.c ****         NOP();
 138               	.LM4:
 139               	 ;  47 "../../../src/platform/firefly2_2/source/hal_wait.c" 1
 140 0006 0000      		nop
 141               		
 142               	 ;  0 "" 2
  48:../../../src/platform/firefly2_2/source/hal_wait.c ****     } while (--timeout);
 144               	.LM5:
 145               	/* #NOAPP */
 146 0008 0197      		sbiw r24,1
 147 000a 01F4      		brne .L2
 148               	/* epilogue start */
  49:../../../src/platform/firefly2_2/source/hal_wait.c **** 
  50:../../../src/platform/firefly2_2/source/hal_wait.c **** } // halWait
 150               	.LM6:
 151 000c 0895      		ret
 153               	.Lscope1:
 155               		.stabd	78,0,0
 156               		.comm _nrk_signal_list,4,1
 159               	.Letext0:
DEFINED SYMBOLS
                            *ABS*:00000000 hal_wait.c
     /tmp/ccrPWCql.s:2      *ABS*:0000003f __SREG__
     /tmp/ccrPWCql.s:3      *ABS*:0000003e __SP_H__
     /tmp/ccrPWCql.s:4      *ABS*:0000003d __SP_L__
     /tmp/ccrPWCql.s:5      *ABS*:00000000 __tmp_reg__
     /tmp/ccrPWCql.s:6      *ABS*:00000001 __zero_reg__
     /tmp/ccrPWCql.s:110    .text:00000000 halWait
                            *COM*:00000004 _nrk_signal_list

UNDEFINED SYMBOLS
__do_copy_data
__do_clear_bss
