   1               		.file	"hal_rf_set_channel.c"
   2               	__SREG__ = 0x3f
   3               	__SP_H__ = 0x3e
   4               	__SP_L__ = 0x3d
   5               	__tmp_reg__ = 0
   6               	__zero_reg__ = 1
   7               		.global __do_copy_data
   8               		.global __do_clear_bss
  11               		.text
  12               	.Ltext0:
 108               	.global	halRfSetChannel
 110               	halRfSetChannel:
 111               		.stabd	46,0,0
   1:../../../nano-RK/src/radio/cc2420/source/hal_rf_set_channel.c **** /******************************************************************************
   2:../../../nano-RK/src/radio/cc2420/source/hal_rf_set_channel.c **** *  Nano-RK, a real-time operating system for sensor networks.
   3:../../../nano-RK/src/radio/cc2420/source/hal_rf_set_channel.c **** *  Copyright (C) 2007, Real-Time and Multimedia Lab, Carnegie Mellon University
   4:../../../nano-RK/src/radio/cc2420/source/hal_rf_set_channel.c **** *  All rights reserved.
   5:../../../nano-RK/src/radio/cc2420/source/hal_rf_set_channel.c **** *
   6:../../../nano-RK/src/radio/cc2420/source/hal_rf_set_channel.c **** *  This is the Open Source Version of Nano-RK included as part of a Dual
   7:../../../nano-RK/src/radio/cc2420/source/hal_rf_set_channel.c **** *  Licensing Model. If you are unsure which license to use please refer to:
   8:../../../nano-RK/src/radio/cc2420/source/hal_rf_set_channel.c **** *  http://www.nanork.org/nano-RK/wiki/Licensing
   9:../../../nano-RK/src/radio/cc2420/source/hal_rf_set_channel.c **** *
  10:../../../nano-RK/src/radio/cc2420/source/hal_rf_set_channel.c **** *  This program is free software: you can redistribute it and/or modify
  11:../../../nano-RK/src/radio/cc2420/source/hal_rf_set_channel.c **** *  it under the terms of the GNU General Public License as published by
  12:../../../nano-RK/src/radio/cc2420/source/hal_rf_set_channel.c **** *  the Free Software Foundation, version 2.0 of the License.
  13:../../../nano-RK/src/radio/cc2420/source/hal_rf_set_channel.c **** *
  14:../../../nano-RK/src/radio/cc2420/source/hal_rf_set_channel.c **** *  This program is distributed in the hope that it will be useful,
  15:../../../nano-RK/src/radio/cc2420/source/hal_rf_set_channel.c **** *  but WITHOUT ANY WARRANTY; without even the implied warranty of
  16:../../../nano-RK/src/radio/cc2420/source/hal_rf_set_channel.c **** *  MERCHANTABILITY or FITNESS FOR A PARTICULAR PURPOSE.  See the
  17:../../../nano-RK/src/radio/cc2420/source/hal_rf_set_channel.c **** *  GNU General Public License for more details.
  18:../../../nano-RK/src/radio/cc2420/source/hal_rf_set_channel.c **** *
  19:../../../nano-RK/src/radio/cc2420/source/hal_rf_set_channel.c **** *  You should have received a copy of the GNU General Public License
  20:../../../nano-RK/src/radio/cc2420/source/hal_rf_set_channel.c **** *  along with this program.  If not, see <http://www.gnu.org/licenses/>.
  21:../../../nano-RK/src/radio/cc2420/source/hal_rf_set_channel.c **** *
  22:../../../nano-RK/src/radio/cc2420/source/hal_rf_set_channel.c **** *  Contributing Authors (specific to this file):
  23:../../../nano-RK/src/radio/cc2420/source/hal_rf_set_channel.c **** *  Chipcon Development Team 
  24:../../../nano-RK/src/radio/cc2420/source/hal_rf_set_channel.c **** *******************************************************************************/
  25:../../../nano-RK/src/radio/cc2420/source/hal_rf_set_channel.c **** 
  26:../../../nano-RK/src/radio/cc2420/source/hal_rf_set_channel.c **** 
  27:../../../nano-RK/src/radio/cc2420/source/hal_rf_set_channel.c **** #include <include.h>
  28:../../../nano-RK/src/radio/cc2420/source/hal_rf_set_channel.c **** #include <ulib.h>
  29:../../../nano-RK/src/radio/cc2420/source/hal_rf_set_channel.c **** 
  30:../../../nano-RK/src/radio/cc2420/source/hal_rf_set_channel.c **** 
  31:../../../nano-RK/src/radio/cc2420/source/hal_rf_set_channel.c **** 
  32:../../../nano-RK/src/radio/cc2420/source/hal_rf_set_channel.c **** //-------------------------------------------------------------------------------------------------
  33:../../../nano-RK/src/radio/cc2420/source/hal_rf_set_channel.c **** //	void halRfSetChannel(UINT8 Channel)
  34:../../../nano-RK/src/radio/cc2420/source/hal_rf_set_channel.c **** //
  35:../../../nano-RK/src/radio/cc2420/source/hal_rf_set_channel.c **** //	DESCRIPTION:
  36:../../../nano-RK/src/radio/cc2420/source/hal_rf_set_channel.c **** //		Programs CC2420 for a given IEEE 802.15.4 channel. 
  37:../../../nano-RK/src/radio/cc2420/source/hal_rf_set_channel.c **** //		Note that SRXON, STXON or STXONCCA must be run for the new channel selection to take full effec
  38:../../../nano-RK/src/radio/cc2420/source/hal_rf_set_channel.c **** //
  39:../../../nano-RK/src/radio/cc2420/source/hal_rf_set_channel.c **** //	PARAMETERS:
  40:../../../nano-RK/src/radio/cc2420/source/hal_rf_set_channel.c **** //		UINT8 channel
  41:../../../nano-RK/src/radio/cc2420/source/hal_rf_set_channel.c **** //			The channel number (11-26)
  42:../../../nano-RK/src/radio/cc2420/source/hal_rf_set_channel.c **** //-------------------------------------------------------------------------------------------------
  43:../../../nano-RK/src/radio/cc2420/source/hal_rf_set_channel.c **** void halRfSetChannel(uint8_t channel) {
 113               	.LM0:
 114               	.LFBB1:
 115               	/* prologue: function */
 116               	/* frame size = 0 */
  44:../../../nano-RK/src/radio/cc2420/source/hal_rf_set_channel.c **** 	uint16_t f;
  45:../../../nano-RK/src/radio/cc2420/source/hal_rf_set_channel.c **** 	
  46:../../../nano-RK/src/radio/cc2420/source/hal_rf_set_channel.c **** 	// Derive frequency programming from the given channel number
  47:../../../nano-RK/src/radio/cc2420/source/hal_rf_set_channel.c **** 	f = (uint16_t) (channel - 11); // Subtract the base channel 
 118               	.LM1:
 119 0000 90E0      		ldi r25,lo8(0)
 120 0002 9C01      		movw r18,r24
 121 0004 2B50      		subi r18,lo8(-(-11))
 122 0006 3040      		sbci r19,hi8(-(-11))
  48:../../../nano-RK/src/radio/cc2420/source/hal_rf_set_channel.c **** 	f = f + (f << 2);    		 // Multiply with 5, which is the channel spacing
 124               	.LM2:
 125 0008 220F      		lsl r18
 126 000a 331F      		rol r19
 127 000c 220F      		lsl r18
 128 000e 331F      		rol r19
 129 0010 865A      		subi r24,lo8(-(16730))
 130 0012 9E4B      		sbci r25,hi8(-(16730))
  49:../../../nano-RK/src/radio/cc2420/source/hal_rf_set_channel.c **** 	f = f + 357 + 0x4000;		 // 357 is 2405-2048, 0x4000 is LOCK_THR = 1
 132               	.LM3:
 133 0014 820F      		add r24,r18
 134 0016 931F      		adc r25,r19
  50:../../../nano-RK/src/radio/cc2420/source/hal_rf_set_channel.c **** 	
  51:../../../nano-RK/src/radio/cc2420/source/hal_rf_set_channel.c ****     // Write it to the CC2420
  52:../../../nano-RK/src/radio/cc2420/source/hal_rf_set_channel.c **** 	DISABLE_GLOBAL_INT();
 136               	.LM4:
 137               	/* #APP */
 138               	 ;  52 "../../../nano-RK/src/radio/cc2420/source/hal_rf_set_channel.c" 1
 139 0018 F894      		cli
 140               		
 141               	 ;  0 "" 2
  53:../../../nano-RK/src/radio/cc2420/source/hal_rf_set_channel.c **** 	FASTSPI_SETREG(CC2420_FSCTRL, f);
 143               	.LM5:
 144               	/* #NOAPP */
 145 001a C098      		cbi 56-0x20,0
 146 001c 28E1      		ldi r18,lo8(24)
 147 001e 2FB9      		out 47-0x20,r18
 148               	.L2:
 149 0020 779B      		sbis 46-0x20,7
 150 0022 00C0      		rjmp .L2
 151 0024 9FB9      		out 47-0x20,r25
 152               	.L3:
 153 0026 779B      		sbis 46-0x20,7
 154 0028 00C0      		rjmp .L3
 155 002a 8FB9      		out 47-0x20,r24
 156               	.L4:
 157 002c 779B      		sbis 46-0x20,7
 158 002e 00C0      		rjmp .L4
 159 0030 C09A      		sbi 56-0x20,0
  54:../../../nano-RK/src/radio/cc2420/source/hal_rf_set_channel.c **** 	ENABLE_GLOBAL_INT();
 161               	.LM6:
 162               	/* #APP */
 163               	 ;  54 "../../../nano-RK/src/radio/cc2420/source/hal_rf_set_channel.c" 1
 164 0032 7894      		sei
 165               		
 166               	 ;  0 "" 2
 167               	/* epilogue start */
  55:../../../nano-RK/src/radio/cc2420/source/hal_rf_set_channel.c **** 
  56:../../../nano-RK/src/radio/cc2420/source/hal_rf_set_channel.c **** } // rfSetChannel
 169               	.LM7:
 170               	/* #NOAPP */
 171 0034 0895      		ret
 173               	.Lscope1:
 175               		.stabd	78,0,0
 176               		.comm _nrk_signal_list,4,1
 179               	.Letext0:
DEFINED SYMBOLS
                            *ABS*:00000000 hal_rf_set_channel.c
     /tmp/ccAlGYkp.s:2      *ABS*:0000003f __SREG__
     /tmp/ccAlGYkp.s:3      *ABS*:0000003e __SP_H__
     /tmp/ccAlGYkp.s:4      *ABS*:0000003d __SP_L__
     /tmp/ccAlGYkp.s:5      *ABS*:00000000 __tmp_reg__
     /tmp/ccAlGYkp.s:6      *ABS*:00000001 __zero_reg__
     /tmp/ccAlGYkp.s:110    .text:00000000 halRfSetChannel
                            *COM*:00000004 _nrk_signal_list

UNDEFINED SYMBOLS
__do_copy_data
__do_clear_bss
