   1               	# 1 "../../../nano-RK/src/kernel/hal/atmega128/atmel_hw_specific.S"
   1               	#define __SREG__ 0x3f
   1               	...
   0               	
   0               	
   2               	#define __SP_H__ 0x3e
   3               	#define __SP_L__ 0x3d
   4               	
   5               	
   6               	
   7               	.global nrk_start_high_ready_task 
   8               	
   9               	nrk_start_high_ready_task:
  10               	
  11:../../../nano-RK/src/kernel/hal/atmega128/atmel_hw_specific.S **** 	lds r26,nrk_high_ready_TCB		
  12:../../../nano-RK/src/kernel/hal/atmega128/atmel_hw_specific.S **** 	lds r27,nrk_high_ready_TCB+1
  13               	
  14               	    	;x points to &OSTCB[x]
  15               	    
  16:../../../nano-RK/src/kernel/hal/atmega128/atmel_hw_specific.S **** 	ld r28,x+
  17:../../../nano-RK/src/kernel/hal/atmega128/atmel_hw_specific.S **** 	out __SP_L__, r28
  18:../../../nano-RK/src/kernel/hal/atmega128/atmel_hw_specific.S **** 	ld r29,x+
  19:../../../nano-RK/src/kernel/hal/atmega128/atmel_hw_specific.S **** 	out __SP_H__, r29
  20               	  
  21:../../../nano-RK/src/kernel/hal/atmega128/atmel_hw_specific.S **** 	pop r31	
  22:../../../nano-RK/src/kernel/hal/atmega128/atmel_hw_specific.S **** 	pop r30
  23:../../../nano-RK/src/kernel/hal/atmega128/atmel_hw_specific.S **** 	pop r29
  24:../../../nano-RK/src/kernel/hal/atmega128/atmel_hw_specific.S **** 	pop r28
  25:../../../nano-RK/src/kernel/hal/atmega128/atmel_hw_specific.S **** 	pop r27
  26:../../../nano-RK/src/kernel/hal/atmega128/atmel_hw_specific.S **** 	pop r26
  27:../../../nano-RK/src/kernel/hal/atmega128/atmel_hw_specific.S **** 	pop r25
  28:../../../nano-RK/src/kernel/hal/atmega128/atmel_hw_specific.S **** 	pop r24			
  29:../../../nano-RK/src/kernel/hal/atmega128/atmel_hw_specific.S **** 	pop r23
  30:../../../nano-RK/src/kernel/hal/atmega128/atmel_hw_specific.S **** 	pop r22
  31:../../../nano-RK/src/kernel/hal/atmega128/atmel_hw_specific.S **** 	pop r21
  32:../../../nano-RK/src/kernel/hal/atmega128/atmel_hw_specific.S **** 	pop r20	
  33:../../../nano-RK/src/kernel/hal/atmega128/atmel_hw_specific.S **** 	pop r19
  34:../../../nano-RK/src/kernel/hal/atmega128/atmel_hw_specific.S **** 	pop r18	
  35:../../../nano-RK/src/kernel/hal/atmega128/atmel_hw_specific.S **** 	pop r17
  36:../../../nano-RK/src/kernel/hal/atmega128/atmel_hw_specific.S **** 	pop r16
  37:../../../nano-RK/src/kernel/hal/atmega128/atmel_hw_specific.S **** 	pop r15
  38:../../../nano-RK/src/kernel/hal/atmega128/atmel_hw_specific.S **** 	pop r14
  39:../../../nano-RK/src/kernel/hal/atmega128/atmel_hw_specific.S **** 	pop r13
  40:../../../nano-RK/src/kernel/hal/atmega128/atmel_hw_specific.S **** 	pop r12
  41:../../../nano-RK/src/kernel/hal/atmega128/atmel_hw_specific.S **** 	pop r11
  42:../../../nano-RK/src/kernel/hal/atmega128/atmel_hw_specific.S **** 	pop r10
  43:../../../nano-RK/src/kernel/hal/atmega128/atmel_hw_specific.S **** 	pop r9
  44:../../../nano-RK/src/kernel/hal/atmega128/atmel_hw_specific.S **** 	pop r8
  45:../../../nano-RK/src/kernel/hal/atmega128/atmel_hw_specific.S **** 	pop r7
  46:../../../nano-RK/src/kernel/hal/atmega128/atmel_hw_specific.S **** 	pop r6
  47:../../../nano-RK/src/kernel/hal/atmega128/atmel_hw_specific.S **** 	pop r5
  48:../../../nano-RK/src/kernel/hal/atmega128/atmel_hw_specific.S **** 	pop r4
  49:../../../nano-RK/src/kernel/hal/atmega128/atmel_hw_specific.S **** 	pop r3
  50:../../../nano-RK/src/kernel/hal/atmega128/atmel_hw_specific.S **** 	pop r2
  51:../../../nano-RK/src/kernel/hal/atmega128/atmel_hw_specific.S **** 	pop r1
  52:../../../nano-RK/src/kernel/hal/atmega128/atmel_hw_specific.S **** 	pop r0
  53:../../../nano-RK/src/kernel/hal/atmega128/atmel_hw_specific.S **** 	out __SREG__, r0
  54:../../../nano-RK/src/kernel/hal/atmega128/atmel_hw_specific.S **** 	pop r0	
  55               		   
  56:../../../nano-RK/src/kernel/hal/atmega128/atmel_hw_specific.S ****     	reti 
DEFINED SYMBOLS
../../../nano-RK/src/kernel/hal/atmega128/atmel_hw_specific.S:9      .text:00000000 nrk_start_high_ready_task

UNDEFINED SYMBOLS
nrk_high_ready_TCB
